[     493ms] [WARNING] Lit is in dev mode. Not recommended for production! See https://lit.dev/msg/dev-mode for more information. @ http://localhost:5173/@vite/client:509
[     543ms] [ERROR] [JavaScript Error: "Firefox can’t establish a connection to the server at ws://localhost:18789/." {file: "http://localhost:5173/src/ui/gateway.ts" line: 219}] @ http://localhost:5173/src/ui/gateway.ts:219
[    1459ms] [ERROR] [JavaScript Error: "Firefox can’t establish a connection to the server at ws://localhost:18789/." {file: "http://localhost:5173/src/ui/gateway.ts" line: 219}] @ http://localhost:5173/src/ui/gateway.ts:219
[    2821ms] [ERROR] [JavaScript Error: "Firefox can’t establish a connection to the server at ws://localhost:18789/." {file: "http://localhost:5173/src/ui/gateway.ts" line: 219}] @ http://localhost:5173/src/ui/gateway.ts:219
[    5138ms] [ERROR] [JavaScript Error: "Firefox can’t establish a connection to the server at ws://localhost:18789/." {file: "http://localhost:5173/src/ui/gateway.ts" line: 219}] @ http://localhost:5173/src/ui/gateway.ts:219
[    9078ms] [ERROR] [JavaScript Error: "Firefox can’t establish a connection to the server at ws://localhost:18789/." {file: "http://localhost:5173/src/ui/gateway.ts" line: 219}] @ http://localhost:5173/src/ui/gateway.ts:219
[   15769ms] [ERROR] [JavaScript Error: "Firefox can’t establish a connection to the server at ws://localhost:18789/." {file: "http://localhost:5173/src/ui/gateway.ts" line: 219}] @ http://localhost:5173/src/ui/gateway.ts:219
[   27132ms] [ERROR] [JavaScript Error: "Firefox can’t establish a connection to the server at ws://localhost:18789/." {file: "http://localhost:5173/src/ui/gateway.ts" line: 219}] @ http://localhost:5173/src/ui/gateway.ts:219
[   42804ms] [ERROR] [JavaScript Error: "Firefox can’t establish a connection to the server at ws://localhost:18789/." {file: "http://localhost:5173/src/ui/gateway.ts" line: 219}] @ http://localhost:5173/src/ui/gateway.ts:219
[   57888ms] [ERROR] [JavaScript Error: "Firefox can’t establish a connection to the server at ws://localhost:18789/." {file: "http://localhost:5173/src/ui/gateway.ts" line: 219}] @ http://localhost:5173/src/ui/gateway.ts:219
[   73108ms] [ERROR] [JavaScript Error: "Firefox can’t establish a connection to the server at ws://localhost:18789/." {file: "http://localhost:5173/src/ui/gateway.ts" line: 219}] @ http://localhost:5173/src/ui/gateway.ts:219
[   88112ms] [ERROR] [JavaScript Error: "Firefox can’t establish a connection to the server at ws://localhost:18789/." {file: "http://localhost:5173/src/ui/gateway.ts" line: 219}] @ http://localhost:5173/src/ui/gateway.ts:219
[  109786ms] [ERROR] [JavaScript Error: "Firefox can’t establish a connection to the server at ws://localhost:18789/." {file: "http://localhost:5173/src/ui/gateway.ts" line: 219}] @ http://localhost:5173/src/ui/gateway.ts:219
[  142294ms] [ERROR] [JavaScript Error: "Firefox can’t establish a connection to the server at ws://localhost:18789/." {file: "http://localhost:5173/src/ui/gateway.ts" line: 219}] @ http://localhost:5173/src/ui/gateway.ts:219
[  144276ms] [WARNING] [JavaScript Warning: "Feature Policy: Skipping unsupported feature name “clipboard-read”." {file: "http://localhost:5173/node_modules/.vite/deps/lit-html-DcaC4oFn.js?v=a9897941" line: 453}] @ http://localhost:5173/node_modules/.vite/deps/lit-html-DcaC4oFn.js?v=a9897941:453
[  144277ms] [WARNING] [JavaScript Warning: "Feature Policy: Skipping unsupported feature name “clipboard-write”." {file: "http://localhost:5173/node_modules/.vite/deps/lit-html-DcaC4oFn.js?v=a9897941" line: 453}] @ http://localhost:5173/node_modules/.vite/deps/lit-html-DcaC4oFn.js?v=a9897941:453
[  144277ms] [WARNING] [JavaScript Warning: "Feature Policy: Skipping unsupported feature name “clipboard-read”." {file: "http://localhost:5173/node_modules/.vite/deps/lit-html-DcaC4oFn.js?v=a9897941" line: 808}] @ http://localhost:5173/node_modules/.vite/deps/lit-html-DcaC4oFn.js?v=a9897941:808
[  144277ms] [WARNING] [JavaScript Warning: "Feature Policy: Skipping unsupported feature name “clipboard-write”." {file: "http://localhost:5173/node_modules/.vite/deps/lit-html-DcaC4oFn.js?v=a9897941" line: 808}] @ http://localhost:5173/node_modules/.vite/deps/lit-html-DcaC4oFn.js?v=a9897941:808
[  144279ms] [WARNING] [JavaScript Warning: "Feature Policy: Skipping unsupported feature name “clipboard-read”." {file: "http://localhost:5173/node_modules/.vite/deps/lit-html-DcaC4oFn.js?v=a9897941" line: 580}] @ http://localhost:5173/node_modules/.vite/deps/lit-html-DcaC4oFn.js?v=a9897941:580
[  144279ms] [WARNING] [JavaScript Warning: "Feature Policy: Skipping unsupported feature name “clipboard-write”." {file: "http://localhost:5173/node_modules/.vite/deps/lit-html-DcaC4oFn.js?v=a9897941" line: 580}] @ http://localhost:5173/node_modules/.vite/deps/lit-html-DcaC4oFn.js?v=a9897941:580
[  162531ms] [WARNING] [JavaScript Warning: "Feature Policy: Skipping unsupported feature name “clipboard-read”." {file: "http://localhost:5173/node_modules/.vite/deps/lit-html-DcaC4oFn.js?v=a9897941" line: 453}] @ http://localhost:5173/node_modules/.vite/deps/lit-html-DcaC4oFn.js?v=a9897941:453
[  162531ms] [WARNING] [JavaScript Warning: "Feature Policy: Skipping unsupported feature name “clipboard-write”." {file: "http://localhost:5173/node_modules/.vite/deps/lit-html-DcaC4oFn.js?v=a9897941" line: 453}] @ http://localhost:5173/node_modules/.vite/deps/lit-html-DcaC4oFn.js?v=a9897941:453
[  162531ms] [WARNING] [JavaScript Warning: "Feature Policy: Skipping unsupported feature name “clipboard-read”." {file: "http://localhost:5173/node_modules/.vite/deps/lit-html-DcaC4oFn.js?v=a9897941" line: 808}] @ http://localhost:5173/node_modules/.vite/deps/lit-html-DcaC4oFn.js?v=a9897941:808
[  162532ms] [WARNING] [JavaScript Warning: "Feature Policy: Skipping unsupported feature name “clipboard-write”." {file: "http://localhost:5173/node_modules/.vite/deps/lit-html-DcaC4oFn.js?v=a9897941" line: 808}] @ http://localhost:5173/node_modules/.vite/deps/lit-html-DcaC4oFn.js?v=a9897941:808
[  162532ms] [WARNING] [JavaScript Warning: "Feature Policy: Skipping unsupported feature name “clipboard-read”." {file: "http://localhost:5173/node_modules/.vite/deps/lit-html-DcaC4oFn.js?v=a9897941" line: 580}] @ http://localhost:5173/node_modules/.vite/deps/lit-html-DcaC4oFn.js?v=a9897941:580
[  162532ms] [WARNING] [JavaScript Warning: "Feature Policy: Skipping unsupported feature name “clipboard-write”." {file: "http://localhost:5173/node_modules/.vite/deps/lit-html-DcaC4oFn.js?v=a9897941" line: 580}] @ http://localhost:5173/node_modules/.vite/deps/lit-html-DcaC4oFn.js?v=a9897941:580
[  162544ms] [WARNING] [JavaScript Warning: "The character encoding of a framed document was not declared. The document may appear different if viewed without the document framing it." {file: "http://localhost:5173/editor/" line: 0}] @ http://localhost:5173/editor/:0
[  191050ms] [ERROR] [JavaScript Error: "Firefox can’t establish a connection to the server at ws://localhost:18789/." {file: "http://localhost:5173/src/ui/gateway.ts" line: 219}] @ http://localhost:5173/src/ui/gateway.ts:219
[  251051ms] [ERROR] [JavaScript Error: "Firefox can’t establish a connection to the server at ws://localhost:18789/." {file: "http://localhost:5173/src/ui/gateway.ts" line: 219}] @ http://localhost:5173/src/ui/gateway.ts:219
[  326535ms] TypeError: can't access property "connect", app is null
    at _promiseAwareJsonValueNoThrow/< (debugger eval code:328:30)
    at async*_promiseAwareJsonValueNoThrow (debugger eval code:330:9)
    at evaluate (debugger eval code:311:33)
    at  (debugger eval code:1:44)
    at  (debugger eval code:1:62)
    at evaluateFunction (chrome://juggler/content/content/Runtime.js:417:57)
    at callFunction (chrome://juggler/content/content/Runtime.js:103:41)
    at _onMessageInternal (chrome://juggler/content/SimpleChannel.js:237:37)
    at _onMessage (chrome://juggler/content/SimpleChannel.js:194:12)
    at bindToActor/actor.receiveMessage (chrome://juggler/content/SimpleChannel.js:39:44)
