[     341ms] [WARNING] Lit is in dev mode. Not recommended for production! See https://lit.dev/msg/dev-mode for more information. @ http://localhost:5173/@vite/client:509
[     361ms] [ERROR] [JavaScript Error: "Firefox can’t establish a connection to the server at ws://localhost:18789/." {file: "http://localhost:5173/src/ui/gateway.ts" line: 219}] @ http://localhost:5173/src/ui/gateway.ts:219
[    1165ms] [ERROR] [JavaScript Error: "Firefox can’t establish a connection to the server at ws://localhost:18789/." {file: "http://localhost:5173/src/ui/gateway.ts" line: 219}] @ http://localhost:5173/src/ui/gateway.ts:219
[    2527ms] [ERROR] [JavaScript Error: "Firefox can’t establish a connection to the server at ws://localhost:18789/." {file: "http://localhost:5173/src/ui/gateway.ts" line: 219}] @ http://localhost:5173/src/ui/gateway.ts:219
[    5070ms] [ERROR] [JavaScript Error: "Firefox can’t establish a connection to the server at ws://localhost:18789/." {file: "http://localhost:5173/src/ui/gateway.ts" line: 219}] @ http://localhost:5173/src/ui/gateway.ts:219
[    8594ms] [WARNING] [JavaScript Warning: "Feature Policy: Skipping unsupported feature name “clipboard-read”." {file: "http://localhost:5173/node_modules/.vite/deps/lit-html-DcaC4oFn.js?v=dd2d6b95" line: 453}] @ http://localhost:5173/node_modules/.vite/deps/lit-html-DcaC4oFn.js?v=dd2d6b95:453
[    8594ms] [WARNING] [JavaScript Warning: "Feature Policy: Skipping unsupported feature name “clipboard-write”." {file: "http://localhost:5173/node_modules/.vite/deps/lit-html-DcaC4oFn.js?v=dd2d6b95" line: 453}] @ http://localhost:5173/node_modules/.vite/deps/lit-html-DcaC4oFn.js?v=dd2d6b95:453
[    8596ms] [WARNING] [JavaScript Warning: "Feature Policy: Skipping unsupported feature name “clipboard-read”." {file: "http://localhost:5173/node_modules/.vite/deps/lit-html-DcaC4oFn.js?v=dd2d6b95" line: 808}] @ http://localhost:5173/node_modules/.vite/deps/lit-html-DcaC4oFn.js?v=dd2d6b95:808
[    8596ms] [WARNING] [JavaScript Warning: "Feature Policy: Skipping unsupported feature name “clipboard-write”." {file: "http://localhost:5173/node_modules/.vite/deps/lit-html-DcaC4oFn.js?v=dd2d6b95" line: 808}] @ http://localhost:5173/node_modules/.vite/deps/lit-html-DcaC4oFn.js?v=dd2d6b95:808
[    8596ms] [WARNING] [JavaScript Warning: "Feature Policy: Skipping unsupported feature name “clipboard-read”." {file: "http://localhost:5173/node_modules/.vite/deps/lit-html-DcaC4oFn.js?v=dd2d6b95" line: 580}] @ http://localhost:5173/node_modules/.vite/deps/lit-html-DcaC4oFn.js?v=dd2d6b95:580
[    8596ms] [WARNING] [JavaScript Warning: "Feature Policy: Skipping unsupported feature name “clipboard-write”." {file: "http://localhost:5173/node_modules/.vite/deps/lit-html-DcaC4oFn.js?v=dd2d6b95" line: 580}] @ http://localhost:5173/node_modules/.vite/deps/lit-html-DcaC4oFn.js?v=dd2d6b95:580
[    8878ms] [WARNING] [JavaScript Warning: "‘src’ attribute of <script> element is empty." {file: "http://localhost:8082/?theme=dark&themeName=claw&embeddedBy=openclaw&folder=%2Fworkspace%2Fagents%2Fviktor" line: 48}] @ http://localhost:8082/?theme=dark&themeName=claw&embeddedBy=openclaw&folder=%2Fworkspace%2Fagents%2Fviktor:48
[    9005ms] [ERROR] [JavaScript Error: "Firefox can’t establish a connection to the server at ws://localhost:18789/." {file: "http://localhost:5173/src/ui/gateway.ts" line: 219}] @ http://localhost:5173/src/ui/gateway.ts:219
[    9867ms] [LOG]  INFO Resolving connection token (localhost:8082)... @ http://localhost:8082/stable-871f1d904834ee78db1c4585e2f14f65c119374a/static/out/vs/code/browser/workbench/workbench.js:413
[    9868ms] [LOG]  INFO Resolved connection token (localhost:8082) after 1 ms @ http://localhost:8082/stable-871f1d904834ee78db1c4585e2f14f65c119374a/static/out/vs/code/browser/workbench/workbench.js:413
[    9871ms] [LOG]  INFO Creating a socket (renderer-Management-02384106-e468-49ff-a5d2-a8f6c2e6babb)... @ http://localhost:8082/stable-871f1d904834ee78db1c4585e2f14f65c119374a/static/out/vs/code/browser/workbench/workbench.js:413
[    9912ms] [LOG]  INFO Creating a socket (renderer-Management-02384106-e468-49ff-a5d2-a8f6c2e6babb) was successful after 41 ms. @ http://localhost:8082/stable-871f1d904834ee78db1c4585e2f14f65c119374a/static/out/vs/code/browser/workbench/workbench.js:413
[    9920ms] [WARNING] [JavaScript Warning: "Loading failed for the <script> with source “http://localhost:8082/stable-871f1d904834ee78db1c4585e2f14f65c119374a/static/node_modules/vsda/rust/web/vsda.js”." {file: "http://localhost:8082/?theme=dark&themeName=claw&embeddedBy=openclaw&folder=%2Fworkspace%2Fagents%2Fviktor" line: 1}] @ http://localhost:8082/?theme=dark&themeName=claw&embeddedBy=openclaw&folder=%2Fworkspace%2Fagents%2Fviktor:1
[    9947ms] [LOG]  INFO [reconnection-grace-time] Client received grace time from server: 10800000ms (10800s) @ http://localhost:8082/stable-871f1d904834ee78db1c4585e2f14f65c119374a/static/out/vs/code/browser/workbench/workbench.js:413
[   10170ms] [WARNING] The web worker extension host is started in a same-origin iframe! @ http://localhost:8082/stable-871f1d904834ee78db1c4585e2f14f65c119374a/static/out/vs/code/browser/workbench/workbench.js:4908
[   10173ms] [LOG]  INFO Creating a socket (renderer-ExtensionHost-3ca38870-412d-4635-9ea8-27ec468e2ae0)... @ http://localhost:8082/stable-871f1d904834ee78db1c4585e2f14f65c119374a/static/out/vs/code/browser/workbench/workbench.js:413
[   10190ms] [LOG]  INFO [Service Worker] registered @ http://localhost:8082/stable-871f1d904834ee78db1c4585e2f14f65c119374a/static/out/vs/code/browser/workbench/workbench.js:413
[   10191ms] [WARNING] [JavaScript Warning: "Feature Policy: Skipping unsupported feature name “usb”." {file: "http://localhost:8082/stable-871f1d904834ee78db1c4585e2f14f65c119374a/static/out/vs/code/browser/workbench/workbench.js" line: 4909}] @ http://localhost:8082/stable-871f1d904834ee78db1c4585e2f14f65c119374a/static/out/vs/code/browser/workbench/workbench.js:4909
[   10191ms] [WARNING] [JavaScript Warning: "Feature Policy: Skipping unsupported feature name “serial”." {file: "http://localhost:8082/stable-871f1d904834ee78db1c4585e2f14f65c119374a/static/out/vs/code/browser/workbench/workbench.js" line: 4909}] @ http://localhost:8082/stable-871f1d904834ee78db1c4585e2f14f65c119374a/static/out/vs/code/browser/workbench/workbench.js:4909
[   10192ms] [WARNING] [JavaScript Warning: "Feature Policy: Skipping unsupported feature name “hid”." {file: "http://localhost:8082/stable-871f1d904834ee78db1c4585e2f14f65c119374a/static/out/vs/code/browser/workbench/workbench.js" line: 4909}] @ http://localhost:8082/stable-871f1d904834ee78db1c4585e2f14f65c119374a/static/out/vs/code/browser/workbench/workbench.js:4909
[   10192ms] [WARNING] [JavaScript Warning: "Feature Policy: Skipping unsupported feature name “cross-origin-isolated”." {file: "http://localhost:8082/stable-871f1d904834ee78db1c4585e2f14f65c119374a/static/out/vs/code/browser/workbench/workbench.js" line: 4909}] @ http://localhost:8082/stable-871f1d904834ee78db1c4585e2f14f65c119374a/static/out/vs/code/browser/workbench/workbench.js:4909
[   10192ms] [WARNING] [JavaScript Warning: "Feature Policy: Skipping unsupported feature name “local-network-access”." {file: "http://localhost:8082/stable-871f1d904834ee78db1c4585e2f14f65c119374a/static/out/vs/code/browser/workbench/workbench.js" line: 4909}] @ http://localhost:8082/stable-871f1d904834ee78db1c4585e2f14f65c119374a/static/out/vs/code/browser/workbench/workbench.js:4909
[   10192ms] [WARNING] [JavaScript Warning: "Feature Policy: Skipping unsupported feature name “usb”." {file: "http://localhost:8082/stable-871f1d904834ee78db1c4585e2f14f65c119374a/static/out/vs/code/browser/workbench/workbench.js" line: 4909}] @ http://localhost:8082/stable-871f1d904834ee78db1c4585e2f14f65c119374a/static/out/vs/code/browser/workbench/workbench.js:4909
[   10192ms] [WARNING] [JavaScript Warning: "Feature Policy: Skipping unsupported feature name “serial”." {file: "http://localhost:8082/stable-871f1d904834ee78db1c4585e2f14f65c119374a/static/out/vs/code/browser/workbench/workbench.js" line: 4909}] @ http://localhost:8082/stable-871f1d904834ee78db1c4585e2f14f65c119374a/static/out/vs/code/browser/workbench/workbench.js:4909
[   10192ms] [WARNING] [JavaScript Warning: "Feature Policy: Skipping unsupported feature name “hid”." {file: "http://localhost:8082/stable-871f1d904834ee78db1c4585e2f14f65c119374a/static/out/vs/code/browser/workbench/workbench.js" line: 4909}] @ http://localhost:8082/stable-871f1d904834ee78db1c4585e2f14f65c119374a/static/out/vs/code/browser/workbench/workbench.js:4909
[   10192ms] [WARNING] [JavaScript Warning: "Feature Policy: Skipping unsupported feature name “cross-origin-isolated”." {file: "http://localhost:8082/stable-871f1d904834ee78db1c4585e2f14f65c119374a/static/out/vs/code/browser/workbench/workbench.js" line: 4909}] @ http://localhost:8082/stable-871f1d904834ee78db1c4585e2f14f65c119374a/static/out/vs/code/browser/workbench/workbench.js:4909
[   10193ms] [WARNING] [JavaScript Warning: "Feature Policy: Skipping unsupported feature name “local-network-access”." {file: "http://localhost:8082/stable-871f1d904834ee78db1c4585e2f14f65c119374a/static/out/vs/code/browser/workbench/workbench.js" line: 4909}] @ http://localhost:8082/stable-871f1d904834ee78db1c4585e2f14f65c119374a/static/out/vs/code/browser/workbench/workbench.js:4909
[   10193ms] [WARNING] [JavaScript Warning: "Feature Policy: Skipping unsupported feature name “usb”." {file: "http://localhost:8082/stable-871f1d904834ee78db1c4585e2f14f65c119374a/static/out/vs/code/browser/workbench/workbench.js" line: 4909}] @ http://localhost:8082/stable-871f1d904834ee78db1c4585e2f14f65c119374a/static/out/vs/code/browser/workbench/workbench.js:4909
[   10193ms] [WARNING] [JavaScript Warning: "Feature Policy: Skipping unsupported feature name “serial”." {file: "http://localhost:8082/stable-871f1d904834ee78db1c4585e2f14f65c119374a/static/out/vs/code/browser/workbench/workbench.js" line: 4909}] @ http://localhost:8082/stable-871f1d904834ee78db1c4585e2f14f65c119374a/static/out/vs/code/browser/workbench/workbench.js:4909
[   10193ms] [WARNING] [JavaScript Warning: "Feature Policy: Skipping unsupported feature name “hid”." {file: "http://localhost:8082/stable-871f1d904834ee78db1c4585e2f14f65c119374a/static/out/vs/code/browser/workbench/workbench.js" line: 4909}] @ http://localhost:8082/stable-871f1d904834ee78db1c4585e2f14f65c119374a/static/out/vs/code/browser/workbench/workbench.js:4909
[   10193ms] [WARNING] [JavaScript Warning: "Feature Policy: Skipping unsupported feature name “cross-origin-isolated”." {file: "http://localhost:8082/stable-871f1d904834ee78db1c4585e2f14f65c119374a/static/out/vs/code/browser/workbench/workbench.js" line: 4909}] @ http://localhost:8082/stable-871f1d904834ee78db1c4585e2f14f65c119374a/static/out/vs/code/browser/workbench/workbench.js:4909
[   10193ms] [WARNING] [JavaScript Warning: "Feature Policy: Skipping unsupported feature name “local-network-access”." {file: "http://localhost:8082/stable-871f1d904834ee78db1c4585e2f14f65c119374a/static/out/vs/code/browser/workbench/workbench.js" line: 4909}] @ http://localhost:8082/stable-871f1d904834ee78db1c4585e2f14f65c119374a/static/out/vs/code/browser/workbench/workbench.js:4909
[   10211ms] [LOG]  INFO Creating a socket (renderer-ExtensionHost-3ca38870-412d-4635-9ea8-27ec468e2ae0) was successful after 37 ms. @ http://localhost:8082/stable-871f1d904834ee78db1c4585e2f14f65c119374a/static/out/vs/code/browser/workbench/workbench.js:413
[   10239ms] [WARNING] [JavaScript Warning: "The character encoding of a framed document was not declared. The document may appear different if viewed without the document framing it." {file: "http://localhost:8082/stable-871f1d904834ee78db1c4585e2f14f65c119374a/static/out/vs/workbench/services/extensions/worker/webWorkerExtensionHostIframe.html?&vscodeWebWorkerExtHostId=060b6c65-9d70-4ded-ba04-87f63d896aee" line: 0}] @ http://localhost:8082/stable-871f1d904834ee78db1c4585e2f14f65c119374a/static/out/vs/workbench/services/extensions/worker/webWorkerExtensionHostIframe.html?&vscodeWebWorkerExtHostId=060b6c65-9d70-4ded-ba04-87f63d896aee:0
[   10302ms] [LOG]  INFO [AccountPolicyGate] apply: state=inactive, reason=undefined, isRestricted=false @ http://localhost:8082/stable-871f1d904834ee78db1c4585e2f14f65c119374a/static/out/vs/code/browser/workbench/workbench.js:413
[   12745ms] [LOG]  INFO Updating additional builtin extensions cache @ http://localhost:8082/stable-871f1d904834ee78db1c4585e2f14f65c119374a/static/out/vs/code/browser/workbench/workbench.js:413
[   15304ms] [LOG]  INFO [AccountPolicyGate] apply: state=inactive, reason=undefined, isRestricted=false @ http://localhost:8082/stable-871f1d904834ee78db1c4585e2f14f65c119374a/static/out/vs/code/browser/workbench/workbench.js:413
[   15732ms] [ERROR] [JavaScript Error: "Firefox can’t establish a connection to the server at ws://localhost:18789/." {file: "http://localhost:5173/src/ui/gateway.ts" line: 219}] @ http://localhost:5173/src/ui/gateway.ts:219
[   27098ms] [ERROR] [JavaScript Error: "Firefox can’t establish a connection to the server at ws://localhost:18789/." {file: "http://localhost:5173/src/ui/gateway.ts" line: 219}] @ http://localhost:5173/src/ui/gateway.ts:219
[   42101ms] [ERROR] [JavaScript Error: "Firefox can’t establish a connection to the server at ws://localhost:18789/." {file: "http://localhost:5173/src/ui/gateway.ts" line: 219}] @ http://localhost:5173/src/ui/gateway.ts:219
[   57449ms] [ERROR] [JavaScript Error: "Firefox can’t establish a connection to the server at ws://localhost:18789/." {file: "http://localhost:5173/src/ui/gateway.ts" line: 219}] @ http://localhost:5173/src/ui/gateway.ts:219
[   72532ms] [ERROR] [JavaScript Error: "Firefox can’t establish a connection to the server at ws://localhost:18789/." {file: "http://localhost:5173/src/ui/gateway.ts" line: 219}] @ http://localhost:5173/src/ui/gateway.ts:219
[   87549ms] [ERROR] [JavaScript Error: "Firefox can’t establish a connection to the server at ws://localhost:18789/." {file: "http://localhost:5173/src/ui/gateway.ts" line: 219}] @ http://localhost:5173/src/ui/gateway.ts:219
[  105324ms] [ERROR] [JavaScript Error: "Firefox can’t establish a connection to the server at ws://localhost:18789/." {file: "http://localhost:5173/src/ui/gateway.ts" line: 219}] @ http://localhost:5173/src/ui/gateway.ts:219
[  116578ms] [ERROR] [JavaScript Error: "downloadable font: font load failed (font-family: "noop" style:normal weight:400 stretch:100 src index:0): status=2147500037 source: data:font/woff;base64,"] @ :0
[  116582ms] NetworkError: A network error occurred.

[  131997ms] [ERROR] [JavaScript Error: "Firefox can’t establish a connection to the server at ws://localhost:18789/." {file: "http://localhost:5173/src/ui/gateway.ts" line: 219}] @ http://localhost:5173/src/ui/gateway.ts:219
