[     270ms] [WARNING] Lit is in dev mode. Not recommended for production! See https://lit.dev/msg/dev-mode for more information. @ http://localhost:5173/@vite/client:509
[    7348ms] [WARNING] [JavaScript Warning: "Feature Policy: Skipping unsupported feature name “clipboard-read”." {file: "http://localhost:5173/node_modules/.vite/deps/lit-html-DcaC4oFn.js?v=dd2d6b95" line: 453}] @ http://localhost:5173/node_modules/.vite/deps/lit-html-DcaC4oFn.js?v=dd2d6b95:453
[    7348ms] [WARNING] [JavaScript Warning: "Feature Policy: Skipping unsupported feature name “clipboard-write”." {file: "http://localhost:5173/node_modules/.vite/deps/lit-html-DcaC4oFn.js?v=dd2d6b95" line: 453}] @ http://localhost:5173/node_modules/.vite/deps/lit-html-DcaC4oFn.js?v=dd2d6b95:453
[    7348ms] [WARNING] [JavaScript Warning: "Feature Policy: Skipping unsupported feature name “clipboard-read”." {file: "http://localhost:5173/node_modules/.vite/deps/lit-html-DcaC4oFn.js?v=dd2d6b95" line: 808}] @ http://localhost:5173/node_modules/.vite/deps/lit-html-DcaC4oFn.js?v=dd2d6b95:808
[    7348ms] [WARNING] [JavaScript Warning: "Feature Policy: Skipping unsupported feature name “clipboard-write”." {file: "http://localhost:5173/node_modules/.vite/deps/lit-html-DcaC4oFn.js?v=dd2d6b95" line: 808}] @ http://localhost:5173/node_modules/.vite/deps/lit-html-DcaC4oFn.js?v=dd2d6b95:808
[    7349ms] [WARNING] [JavaScript Warning: "Feature Policy: Skipping unsupported feature name “clipboard-read”." {file: "http://localhost:5173/node_modules/.vite/deps/lit-html-DcaC4oFn.js?v=dd2d6b95" line: 580}] @ http://localhost:5173/node_modules/.vite/deps/lit-html-DcaC4oFn.js?v=dd2d6b95:580
[    7349ms] [WARNING] [JavaScript Warning: "Feature Policy: Skipping unsupported feature name “clipboard-write”." {file: "http://localhost:5173/node_modules/.vite/deps/lit-html-DcaC4oFn.js?v=dd2d6b95" line: 580}] @ http://localhost:5173/node_modules/.vite/deps/lit-html-DcaC4oFn.js?v=dd2d6b95:580
[    7384ms] [WARNING] [JavaScript Warning: "‘src’ attribute of <script> element is empty." {file: "http://localhost:8082/?theme=dark&themeName=claw&embeddedBy=openclaw&folder=/home/coder" line: 48}] @ http://localhost:8082/?theme=dark&themeName=claw&embeddedBy=openclaw&folder=/home/coder:48
[    8379ms] [LOG]  INFO Resolving connection token (localhost:8082)... @ http://localhost:8082/stable-871f1d904834ee78db1c4585e2f14f65c119374a/static/out/vs/code/browser/workbench/workbench.js:413
[    8379ms] [LOG]  INFO Resolved connection token (localhost:8082) after 1 ms @ http://localhost:8082/stable-871f1d904834ee78db1c4585e2f14f65c119374a/static/out/vs/code/browser/workbench/workbench.js:413
[    8382ms] [LOG]  INFO Creating a socket (renderer-Management-ee129d27-8a91-4a31-98f4-edc43e09b4b2)... @ http://localhost:8082/stable-871f1d904834ee78db1c4585e2f14f65c119374a/static/out/vs/code/browser/workbench/workbench.js:413
[   34448ms] [WARNING] Lit is in dev mode. Not recommended for production! See https://lit.dev/msg/dev-mode for more information. @ http://localhost:5173/@vite/client:509
[   34985ms] [WARNING] [JavaScript Warning: "Feature Policy: Skipping unsupported feature name “clipboard-read”." {file: "http://localhost:5173/node_modules/.vite/deps/lit-html-DcaC4oFn.js?v=dd2d6b95" line: 453}] @ http://localhost:5173/node_modules/.vite/deps/lit-html-DcaC4oFn.js?v=dd2d6b95:453
[   34985ms] [WARNING] [JavaScript Warning: "Feature Policy: Skipping unsupported feature name “clipboard-write”." {file: "http://localhost:5173/node_modules/.vite/deps/lit-html-DcaC4oFn.js?v=dd2d6b95" line: 453}] @ http://localhost:5173/node_modules/.vite/deps/lit-html-DcaC4oFn.js?v=dd2d6b95:453
[   34985ms] [WARNING] [JavaScript Warning: "Feature Policy: Skipping unsupported feature name “clipboard-read”." {file: "http://localhost:5173/node_modules/.vite/deps/lit-html-DcaC4oFn.js?v=dd2d6b95" line: 808}] @ http://localhost:5173/node_modules/.vite/deps/lit-html-DcaC4oFn.js?v=dd2d6b95:808
[   34985ms] [WARNING] [JavaScript Warning: "Feature Policy: Skipping unsupported feature name “clipboard-write”." {file: "http://localhost:5173/node_modules/.vite/deps/lit-html-DcaC4oFn.js?v=dd2d6b95" line: 808}] @ http://localhost:5173/node_modules/.vite/deps/lit-html-DcaC4oFn.js?v=dd2d6b95:808
[   34986ms] [WARNING] [JavaScript Warning: "Feature Policy: Skipping unsupported feature name “clipboard-read”." {file: "http://localhost:5173/node_modules/.vite/deps/lit-html-DcaC4oFn.js?v=dd2d6b95" line: 580}] @ http://localhost:5173/node_modules/.vite/deps/lit-html-DcaC4oFn.js?v=dd2d6b95:580
[   34986ms] [WARNING] [JavaScript Warning: "Feature Policy: Skipping unsupported feature name “clipboard-write”." {file: "http://localhost:5173/node_modules/.vite/deps/lit-html-DcaC4oFn.js?v=dd2d6b95" line: 580}] @ http://localhost:5173/node_modules/.vite/deps/lit-html-DcaC4oFn.js?v=dd2d6b95:580
[   35016ms] [WARNING] [JavaScript Warning: "‘src’ attribute of <script> element is empty." {file: "http://localhost:8082/?theme=dark&themeName=claw&embeddedBy=openclaw&folder=/home/coder" line: 48}] @ http://localhost:8082/?theme=dark&themeName=claw&embeddedBy=openclaw&folder=/home/coder:48
[   35930ms] [LOG]  INFO Resolving connection token (localhost:8082)... @ http://localhost:8082/stable-871f1d904834ee78db1c4585e2f14f65c119374a/static/out/vs/code/browser/workbench/workbench.js:413
[   35931ms] [LOG]  INFO Resolved connection token (localhost:8082) after 1 ms @ http://localhost:8082/stable-871f1d904834ee78db1c4585e2f14f65c119374a/static/out/vs/code/browser/workbench/workbench.js:413
[   35933ms] [LOG]  INFO Creating a socket (renderer-Management-59e44950-b378-4ae2-845d-7ca07ac1e366)... @ http://localhost:8082/stable-871f1d904834ee78db1c4585e2f14f65c119374a/static/out/vs/code/browser/workbench/workbench.js:413
[   42723ms] [WARNING] Lit is in dev mode. Not recommended for production! See https://lit.dev/msg/dev-mode for more information. @ http://localhost:5173/@vite/client:509
[   43900ms] [ERROR] [JavaScript Error: "Firefox can’t establish a connection to the server at ws://localhost:18789/." {file: "http://localhost:5173/src/ui/gateway.ts" line: 219}] @ http://localhost:5173/src/ui/gateway.ts:219
[   76113ms] [WARNING] [JavaScript Warning: "Feature Policy: Skipping unsupported feature name “clipboard-read”." {file: "http://localhost:5173/node_modules/.vite/deps/lit-html-DcaC4oFn.js?v=dd2d6b95" line: 453}] @ http://localhost:5173/node_modules/.vite/deps/lit-html-DcaC4oFn.js?v=dd2d6b95:453
[   76114ms] [WARNING] [JavaScript Warning: "Feature Policy: Skipping unsupported feature name “clipboard-write”." {file: "http://localhost:5173/node_modules/.vite/deps/lit-html-DcaC4oFn.js?v=dd2d6b95" line: 453}] @ http://localhost:5173/node_modules/.vite/deps/lit-html-DcaC4oFn.js?v=dd2d6b95:453
[   76114ms] [WARNING] [JavaScript Warning: "Feature Policy: Skipping unsupported feature name “clipboard-read”." {file: "http://localhost:5173/node_modules/.vite/deps/lit-html-DcaC4oFn.js?v=dd2d6b95" line: 808}] @ http://localhost:5173/node_modules/.vite/deps/lit-html-DcaC4oFn.js?v=dd2d6b95:808
[   76115ms] [WARNING] [JavaScript Warning: "Feature Policy: Skipping unsupported feature name “clipboard-write”." {file: "http://localhost:5173/node_modules/.vite/deps/lit-html-DcaC4oFn.js?v=dd2d6b95" line: 808}] @ http://localhost:5173/node_modules/.vite/deps/lit-html-DcaC4oFn.js?v=dd2d6b95:808
[   76115ms] [WARNING] [JavaScript Warning: "Feature Policy: Skipping unsupported feature name “clipboard-read”." {file: "http://localhost:5173/node_modules/.vite/deps/lit-html-DcaC4oFn.js?v=dd2d6b95" line: 580}] @ http://localhost:5173/node_modules/.vite/deps/lit-html-DcaC4oFn.js?v=dd2d6b95:580
[   76115ms] [WARNING] [JavaScript Warning: "Feature Policy: Skipping unsupported feature name “clipboard-write”." {file: "http://localhost:5173/node_modules/.vite/deps/lit-html-DcaC4oFn.js?v=dd2d6b95" line: 580}] @ http://localhost:5173/node_modules/.vite/deps/lit-html-DcaC4oFn.js?v=dd2d6b95:580
[   76140ms] [WARNING] [JavaScript Warning: "‘src’ attribute of <script> element is empty." {file: "http://localhost:8082/?theme=dark&themeName=claw&embeddedBy=openclaw&folder=/home/coder" line: 48}] @ http://localhost:8082/?theme=dark&themeName=claw&embeddedBy=openclaw&folder=/home/coder:48
[  103909ms] [ERROR] [JavaScript Error: "Firefox can’t establish a connection to the server at ws://localhost:18789/." {file: "http://localhost:5173/src/ui/gateway.ts" line: 219}] @ http://localhost:5173/src/ui/gateway.ts:219
[  103917ms] [LOG]  INFO Creating a socket (renderer-Management-680a1d81-9988-4e5f-8c80-a1615937c368) was successful after 26858 ms. @ http://localhost:8082/stable-871f1d904834ee78db1c4585e2f14f65c119374a/static/out/vs/code/browser/workbench/workbench.js:413
[  103935ms] [WARNING] [JavaScript Warning: "Loading failed for the <script> with source “http://localhost:8082/stable-871f1d904834ee78db1c4585e2f14f65c119374a/static/node_modules/vsda/rust/web/vsda.js”." {file: "http://localhost:8082/?theme=dark&themeName=claw&embeddedBy=openclaw&folder=/home/coder" line: 1}] @ http://localhost:8082/?theme=dark&themeName=claw&embeddedBy=openclaw&folder=/home/coder:1
[  103960ms] [LOG]  INFO [reconnection-grace-time] Client received grace time from server: 10800000ms (10800s) @ http://localhost:8082/stable-871f1d904834ee78db1c4585e2f14f65c119374a/static/out/vs/code/browser/workbench/workbench.js:413
[  104197ms] [WARNING] The web worker extension host is started in a same-origin iframe! @ http://localhost:8082/stable-871f1d904834ee78db1c4585e2f14f65c119374a/static/out/vs/code/browser/workbench/workbench.js:4908
[  104200ms] [LOG]  INFO Creating a socket (renderer-ExtensionHost-1457516a-0706-4f9f-ae42-f13029b290a0)... @ http://localhost:8082/stable-871f1d904834ee78db1c4585e2f14f65c119374a/static/out/vs/code/browser/workbench/workbench.js:413
[  104219ms] [LOG]  INFO [Service Worker] registered @ http://localhost:8082/stable-871f1d904834ee78db1c4585e2f14f65c119374a/static/out/vs/code/browser/workbench/workbench.js:413
[  104220ms] [WARNING] [JavaScript Warning: "Feature Policy: Skipping unsupported feature name “usb”." {file: "http://localhost:8082/stable-871f1d904834ee78db1c4585e2f14f65c119374a/static/out/vs/code/browser/workbench/workbench.js" line: 4909}] @ http://localhost:8082/stable-871f1d904834ee78db1c4585e2f14f65c119374a/static/out/vs/code/browser/workbench/workbench.js:4909
[  104221ms] [WARNING] [JavaScript Warning: "Feature Policy: Skipping unsupported feature name “serial”." {file: "http://localhost:8082/stable-871f1d904834ee78db1c4585e2f14f65c119374a/static/out/vs/code/browser/workbench/workbench.js" line: 4909}] @ http://localhost:8082/stable-871f1d904834ee78db1c4585e2f14f65c119374a/static/out/vs/code/browser/workbench/workbench.js:4909
[  104221ms] [WARNING] [JavaScript Warning: "Feature Policy: Skipping unsupported feature name “hid”." {file: "http://localhost:8082/stable-871f1d904834ee78db1c4585e2f14f65c119374a/static/out/vs/code/browser/workbench/workbench.js" line: 4909}] @ http://localhost:8082/stable-871f1d904834ee78db1c4585e2f14f65c119374a/static/out/vs/code/browser/workbench/workbench.js:4909
[  104221ms] [WARNING] [JavaScript Warning: "Feature Policy: Skipping unsupported feature name “cross-origin-isolated”." {file: "http://localhost:8082/stable-871f1d904834ee78db1c4585e2f14f65c119374a/static/out/vs/code/browser/workbench/workbench.js" line: 4909}] @ http://localhost:8082/stable-871f1d904834ee78db1c4585e2f14f65c119374a/static/out/vs/code/browser/workbench/workbench.js:4909
[  104221ms] [WARNING] [JavaScript Warning: "Feature Policy: Skipping unsupported feature name “local-network-access”." {file: "http://localhost:8082/stable-871f1d904834ee78db1c4585e2f14f65c119374a/static/out/vs/code/browser/workbench/workbench.js" line: 4909}] @ http://localhost:8082/stable-871f1d904834ee78db1c4585e2f14f65c119374a/static/out/vs/code/browser/workbench/workbench.js:4909
[  104221ms] [WARNING] [JavaScript Warning: "Feature Policy: Skipping unsupported feature name “usb”." {file: "http://localhost:8082/stable-871f1d904834ee78db1c4585e2f14f65c119374a/static/out/vs/code/browser/workbench/workbench.js" line: 4909}] @ http://localhost:8082/stable-871f1d904834ee78db1c4585e2f14f65c119374a/static/out/vs/code/browser/workbench/workbench.js:4909
[  104221ms] [WARNING] [JavaScript Warning: "Feature Policy: Skipping unsupported feature name “serial”." {file: "http://localhost:8082/stable-871f1d904834ee78db1c4585e2f14f65c119374a/static/out/vs/code/browser/workbench/workbench.js" line: 4909}] @ http://localhost:8082/stable-871f1d904834ee78db1c4585e2f14f65c119374a/static/out/vs/code/browser/workbench/workbench.js:4909
[  104221ms] [WARNING] [JavaScript Warning: "Feature Policy: Skipping unsupported feature name “hid”." {file: "http://localhost:8082/stable-871f1d904834ee78db1c4585e2f14f65c119374a/static/out/vs/code/browser/workbench/workbench.js" line: 4909}] @ http://localhost:8082/stable-871f1d904834ee78db1c4585e2f14f65c119374a/static/out/vs/code/browser/workbench/workbench.js:4909
[  104221ms] [WARNING] [JavaScript Warning: "Feature Policy: Skipping unsupported feature name “cross-origin-isolated”." {file: "http://localhost:8082/stable-871f1d904834ee78db1c4585e2f14f65c119374a/static/out/vs/code/browser/workbench/workbench.js" line: 4909}] @ http://localhost:8082/stable-871f1d904834ee78db1c4585e2f14f65c119374a/static/out/vs/code/browser/workbench/workbench.js:4909
[  104221ms] [WARNING] [JavaScript Warning: "Feature Policy: Skipping unsupported feature name “local-network-access”." {file: "http://localhost:8082/stable-871f1d904834ee78db1c4585e2f14f65c119374a/static/out/vs/code/browser/workbench/workbench.js" line: 4909}] @ http://localhost:8082/stable-871f1d904834ee78db1c4585e2f14f65c119374a/static/out/vs/code/browser/workbench/workbench.js:4909
[  104221ms] [WARNING] [JavaScript Warning: "Feature Policy: Skipping unsupported feature name “usb”." {file: "http://localhost:8082/stable-871f1d904834ee78db1c4585e2f14f65c119374a/static/out/vs/code/browser/workbench/workbench.js" line: 4909}] @ http://localhost:8082/stable-871f1d904834ee78db1c4585e2f14f65c119374a/static/out/vs/code/browser/workbench/workbench.js:4909
[  104221ms] [WARNING] [JavaScript Warning: "Feature Policy: Skipping unsupported feature name “serial”." {file: "http://localhost:8082/stable-871f1d904834ee78db1c4585e2f14f65c119374a/static/out/vs/code/browser/workbench/workbench.js" line: 4909}] @ http://localhost:8082/stable-871f1d904834ee78db1c4585e2f14f65c119374a/static/out/vs/code/browser/workbench/workbench.js:4909
[  104221ms] [WARNING] [JavaScript Warning: "Feature Policy: Skipping unsupported feature name “hid”." {file: "http://localhost:8082/stable-871f1d904834ee78db1c4585e2f14f65c119374a/static/out/vs/code/browser/workbench/workbench.js" line: 4909}] @ http://localhost:8082/stable-871f1d904834ee78db1c4585e2f14f65c119374a/static/out/vs/code/browser/workbench/workbench.js:4909
[  104221ms] [WARNING] [JavaScript Warning: "Feature Policy: Skipping unsupported feature name “cross-origin-isolated”." {file: "http://localhost:8082/stable-871f1d904834ee78db1c4585e2f14f65c119374a/static/out/vs/code/browser/workbench/workbench.js" line: 4909}] @ http://localhost:8082/stable-871f1d904834ee78db1c4585e2f14f65c119374a/static/out/vs/code/browser/workbench/workbench.js:4909
[  104221ms] [WARNING] [JavaScript Warning: "Feature Policy: Skipping unsupported feature name “local-network-access”." {file: "http://localhost:8082/stable-871f1d904834ee78db1c4585e2f14f65c119374a/static/out/vs/code/browser/workbench/workbench.js" line: 4909}] @ http://localhost:8082/stable-871f1d904834ee78db1c4585e2f14f65c119374a/static/out/vs/code/browser/workbench/workbench.js:4909
[  104240ms] [LOG]  INFO Creating a socket (renderer-ExtensionHost-1457516a-0706-4f9f-ae42-f13029b290a0) was successful after 41 ms. @ http://localhost:8082/stable-871f1d904834ee78db1c4585e2f14f65c119374a/static/out/vs/code/browser/workbench/workbench.js:413
[  104284ms] [WARNING] [JavaScript Warning: "The character encoding of a framed document was not declared. The document may appear different if viewed without the document framing it." {file: "http://localhost:8082/stable-871f1d904834ee78db1c4585e2f14f65c119374a/static/out/vs/workbench/services/extensions/worker/webWorkerExtensionHostIframe.html?&vscodeWebWorkerExtHostId=6af2db8c-4c79-4aa3-8aeb-f09aa750e6cb" line: 0}] @ http://localhost:8082/stable-871f1d904834ee78db1c4585e2f14f65c119374a/static/out/vs/workbench/services/extensions/worker/webWorkerExtensionHostIframe.html?&vscodeWebWorkerExtHostId=6af2db8c-4c79-4aa3-8aeb-f09aa750e6cb:0
[  104830ms] [LOG]  INFO [AccountPolicyGate] apply: state=inactive, reason=undefined, isRestricted=false @ http://localhost:8082/stable-871f1d904834ee78db1c4585e2f14f65c119374a/static/out/vs/code/browser/workbench/workbench.js:413
[  106945ms] [LOG]  INFO Updating additional builtin extensions cache @ http://localhost:8082/stable-871f1d904834ee78db1c4585e2f14f65c119374a/static/out/vs/code/browser/workbench/workbench.js:413
[  109838ms] [LOG]  INFO [AccountPolicyGate] apply: state=inactive, reason=undefined, isRestricted=false @ http://localhost:8082/stable-871f1d904834ee78db1c4585e2f14f65c119374a/static/out/vs/code/browser/workbench/workbench.js:413
[  163121ms] [LOG]  INFO [remote-connection][ExtensionHost][14575…][reconnect] received socket close event (wasClean: false, code: 1006, reason: ). @ http://localhost:8082/stable-871f1d904834ee78db1c4585e2f14f65c119374a/static/out/vs/code/browser/workbench/workbench.js:413
[  163122ms] [ERROR]   ERR JSHandle@object @ http://localhost:8082/stable-871f1d904834ee78db1c4585e2f14f65c119374a/static/out/vs/code/browser/workbench/workbench.js:413
[  163122ms] [LOG]  INFO [remote-connection][ExtensionHost][14575…][reconnect] starting reconnecting loop. You can get more information with the trace log level. @ http://localhost:8082/stable-871f1d904834ee78db1c4585e2f14f65c119374a/static/out/vs/code/browser/workbench/workbench.js:413
[  163122ms] [LOG]  INFO [remote-connection][ExtensionHost][14575…][reconnect] starting reconnection with grace time: 10800000ms (10800s) @ http://localhost:8082/stable-871f1d904834ee78db1c4585e2f14f65c119374a/static/out/vs/code/browser/workbench/workbench.js:413
[  163122ms] [LOG]  INFO [remote-connection][ExtensionHost][14575…][reconnect] resolving connection... @ http://localhost:8082/stable-871f1d904834ee78db1c4585e2f14f65c119374a/static/out/vs/code/browser/workbench/workbench.js:413
[  163122ms] [LOG]  INFO [remote-connection][ExtensionHost][14575…][reconnect] connecting to WebSocket(localhost:8082)... @ http://localhost:8082/stable-871f1d904834ee78db1c4585e2f14f65c119374a/static/out/vs/code/browser/workbench/workbench.js:413
[  163122ms] [LOG]  INFO Creating a socket (renderer-ExtensionHost-1457516a-0706-4f9f-ae42-f13029b290a0)... @ http://localhost:8082/stable-871f1d904834ee78db1c4585e2f14f65c119374a/static/out/vs/code/browser/workbench/workbench.js:413
[  163128ms] [LOG]  INFO [remote-connection][Management   ][680a1…][reconnect] received socket close event (wasClean: false, code: 1006, reason: ). @ http://localhost:8082/stable-871f1d904834ee78db1c4585e2f14f65c119374a/static/out/vs/code/browser/workbench/workbench.js:413
[  163128ms] [ERROR]   ERR JSHandle@object @ http://localhost:8082/stable-871f1d904834ee78db1c4585e2f14f65c119374a/static/out/vs/code/browser/workbench/workbench.js:413
[  163129ms] [LOG]  INFO [remote-connection][Management   ][680a1…][reconnect] starting reconnecting loop. You can get more information with the trace log level. @ http://localhost:8082/stable-871f1d904834ee78db1c4585e2f14f65c119374a/static/out/vs/code/browser/workbench/workbench.js:413
[  163130ms] [LOG]  INFO [remote-connection][Management   ][680a1…][reconnect] starting reconnection with grace time: 10800000ms (10800s) @ http://localhost:8082/stable-871f1d904834ee78db1c4585e2f14f65c119374a/static/out/vs/code/browser/workbench/workbench.js:413
[  163130ms] [LOG]  INFO [remote-connection][Management   ][680a1…][reconnect] resolving connection... @ http://localhost:8082/stable-871f1d904834ee78db1c4585e2f14f65c119374a/static/out/vs/code/browser/workbench/workbench.js:413
[  163130ms] [LOG]  INFO [remote-connection][Management   ][680a1…][reconnect] connecting to WebSocket(localhost:8082)... @ http://localhost:8082/stable-871f1d904834ee78db1c4585e2f14f65c119374a/static/out/vs/code/browser/workbench/workbench.js:413
[  163130ms] [LOG]  INFO Creating a socket (renderer-Management-680a1d81-9988-4e5f-8c80-a1615937c368)... @ http://localhost:8082/stable-871f1d904834ee78db1c4585e2f14f65c119374a/static/out/vs/code/browser/workbench/workbench.js:413
[  163915ms] [ERROR] [JavaScript Error: "Firefox can’t establish a connection to the server at ws://localhost:18789/." {file: "http://localhost:5173/src/ui/gateway.ts" line: 219}] @ http://localhost:5173/src/ui/gateway.ts:219
[  164031ms] [LOG]  INFO Creating a socket (renderer-ExtensionHost-1457516a-0706-4f9f-ae42-f13029b290a0) was successful after 908 ms. @ http://localhost:8082/stable-871f1d904834ee78db1c4585e2f14f65c119374a/static/out/vs/code/browser/workbench/workbench.js:413
[  164036ms] [LOG]  INFO Creating a socket (renderer-Management-680a1d81-9988-4e5f-8c80-a1615937c368) was successful after 905 ms. @ http://localhost:8082/stable-871f1d904834ee78db1c4585e2f14f65c119374a/static/out/vs/code/browser/workbench/workbench.js:413
[  164066ms] [LOG]  INFO [remote-connection][ExtensionHost][14575…][reconnect] received socket close event (wasClean: false, code: 1006, reason: ). @ http://localhost:8082/stable-871f1d904834ee78db1c4585e2f14f65c119374a/static/out/vs/code/browser/workbench/workbench.js:413
[  164066ms] [ERROR]   ERR JSHandle@object @ http://localhost:8082/stable-871f1d904834ee78db1c4585e2f14f65c119374a/static/out/vs/code/browser/workbench/workbench.js:413
[  164068ms] [ERROR]   ERR [remote-connection][ExtensionHost][14575…][reconnect][WebSocket(localhost:8082)] received error control message when negotiating connection. Error: @ http://localhost:8082/stable-871f1d904834ee78db1c4585e2f14f65c119374a/static/out/vs/code/browser/workbench/workbench.js:413
[  164068ms] [ERROR]   ERR Error @ http://localhost:8082/stable-871f1d904834ee78db1c4585e2f14f65c119374a/static/out/vs/code/browser/workbench/workbench.js:413
[  164068ms] [ERROR]   ERR [remote-connection][ExtensionHost][14575…][reconnect] A permanent error occurred in the reconnecting loop! Will give up now! Error: @ http://localhost:8082/stable-871f1d904834ee78db1c4585e2f14f65c119374a/static/out/vs/code/browser/workbench/workbench.js:413
[  164069ms] [ERROR]   ERR Error @ http://localhost:8082/stable-871f1d904834ee78db1c4585e2f14f65c119374a/static/out/vs/code/browser/workbench/workbench.js:413
[  164070ms] [ERROR] Extension host (Remote) terminated unexpectedly. Code: 0, Signal: 1457516a-0706-4f9f-ae42-f13029b290a0 @ http://localhost:8082/stable-871f1d904834ee78db1c4585e2f14f65c119374a/static/out/vs/code/browser/workbench/workbench.js:4915
[  164133ms] [LOG]  INFO [remote-connection][Management   ][680a1…][reconnect] received socket close event (wasClean: false, code: 1006, reason: ). @ http://localhost:8082/stable-871f1d904834ee78db1c4585e2f14f65c119374a/static/out/vs/code/browser/workbench/workbench.js:413
[  164133ms] [ERROR]   ERR JSHandle@object @ http://localhost:8082/stable-871f1d904834ee78db1c4585e2f14f65c119374a/static/out/vs/code/browser/workbench/workbench.js:413
[  164134ms] [ERROR]   ERR [remote-connection][Management   ][680a1…][reconnect][WebSocket(localhost:8082)] received error control message when negotiating connection. Error: @ http://localhost:8082/stable-871f1d904834ee78db1c4585e2f14f65c119374a/static/out/vs/code/browser/workbench/workbench.js:413
[  164135ms] [ERROR]   ERR Error @ http://localhost:8082/stable-871f1d904834ee78db1c4585e2f14f65c119374a/static/out/vs/code/browser/workbench/workbench.js:413
[  164135ms] [ERROR]   ERR [remote-connection][Management   ][680a1…][reconnect] A permanent error occurred in the reconnecting loop! Will give up now! Error: @ http://localhost:8082/stable-871f1d904834ee78db1c4585e2f14f65c119374a/static/out/vs/code/browser/workbench/workbench.js:413
[  164135ms] [ERROR]   ERR Error @ http://localhost:8082/stable-871f1d904834ee78db1c4585e2f14f65c119374a/static/out/vs/code/browser/workbench/workbench.js:413
[  167371ms] [ERROR]   ERR Error creating chat editing session content folder vscode-remote:/home/coder/.local/share/code-server/User/workspaceStorage/d1b2131/chatEditingSessions/cdd20694-1f8b-4201-8f91-97df1b178258/contents Error @ http://localhost:8082/stable-871f1d904834ee78db1c4585e2f14f65c119374a/static/out/vs/code/browser/workbench/workbench.js:413
[  172378ms] [ERROR]   ERR Error creating chat editing session content folder vscode-remote:/home/coder/.local/share/code-server/User/workspaceStorage/d1b2131/chatEditingSessions/cdd20694-1f8b-4201-8f91-97df1b178258/contents Error @ http://localhost:8082/stable-871f1d904834ee78db1c4585e2f14f65c119374a/static/out/vs/code/browser/workbench/workbench.js:413
