[     279ms] [WARNING] Lit is in dev mode. Not recommended for production! See https://lit.dev/msg/dev-mode for more information. @ http://localhost:5173/@vite/client:509
[    1550ms] [ERROR] [JavaScript Error: "Firefox can’t establish a connection to the server at ws://localhost:18789/." {file: "http://localhost:5173/src/ui/gateway.ts" line: 219}] @ http://localhost:5173/src/ui/gateway.ts:219
[    9774ms] [WARNING] [JavaScript Warning: "Feature Policy: Skipping unsupported feature name “clipboard-read”." {file: "http://localhost:5173/node_modules/.vite/deps/lit-html-DcaC4oFn.js?v=dd2d6b95" line: 453}] @ http://localhost:5173/node_modules/.vite/deps/lit-html-DcaC4oFn.js?v=dd2d6b95:453
[    9774ms] [WARNING] [JavaScript Warning: "Feature Policy: Skipping unsupported feature name “clipboard-write”." {file: "http://localhost:5173/node_modules/.vite/deps/lit-html-DcaC4oFn.js?v=dd2d6b95" line: 453}] @ http://localhost:5173/node_modules/.vite/deps/lit-html-DcaC4oFn.js?v=dd2d6b95:453
[    9774ms] [WARNING] [JavaScript Warning: "Feature Policy: Skipping unsupported feature name “clipboard-read”." {file: "http://localhost:5173/node_modules/.vite/deps/lit-html-DcaC4oFn.js?v=dd2d6b95" line: 808}] @ http://localhost:5173/node_modules/.vite/deps/lit-html-DcaC4oFn.js?v=dd2d6b95:808
[    9774ms] [WARNING] [JavaScript Warning: "Feature Policy: Skipping unsupported feature name “clipboard-write”." {file: "http://localhost:5173/node_modules/.vite/deps/lit-html-DcaC4oFn.js?v=dd2d6b95" line: 808}] @ http://localhost:5173/node_modules/.vite/deps/lit-html-DcaC4oFn.js?v=dd2d6b95:808
[    9774ms] [WARNING] [JavaScript Warning: "Feature Policy: Skipping unsupported feature name “clipboard-read”." {file: "http://localhost:5173/node_modules/.vite/deps/lit-html-DcaC4oFn.js?v=dd2d6b95" line: 580}] @ http://localhost:5173/node_modules/.vite/deps/lit-html-DcaC4oFn.js?v=dd2d6b95:580
[    9774ms] [WARNING] [JavaScript Warning: "Feature Policy: Skipping unsupported feature name “clipboard-write”." {file: "http://localhost:5173/node_modules/.vite/deps/lit-html-DcaC4oFn.js?v=dd2d6b95" line: 580}] @ http://localhost:5173/node_modules/.vite/deps/lit-html-DcaC4oFn.js?v=dd2d6b95:580
[    9812ms] [WARNING] [JavaScript Warning: "‘src’ attribute of <script> element is empty." {file: "http://localhost:8082/?theme=dark&themeName=claw&embeddedBy=openclaw&folder=%2Fworkspaces%2Fopenclaw" line: 48}] @ http://localhost:8082/?theme=dark&themeName=claw&embeddedBy=openclaw&folder=%2Fworkspaces%2Fopenclaw:48
[   10788ms] [LOG]  INFO Resolving connection token (localhost:8082)... @ http://localhost:8082/stable-871f1d904834ee78db1c4585e2f14f65c119374a/static/out/vs/code/browser/workbench/workbench.js:413
[   10788ms] [LOG]  INFO Resolved connection token (localhost:8082) after 2 ms @ http://localhost:8082/stable-871f1d904834ee78db1c4585e2f14f65c119374a/static/out/vs/code/browser/workbench/workbench.js:413
[   10790ms] [LOG]  INFO Creating a socket (renderer-Management-0f2fe865-cc85-4533-9df2-a4649539f422)... @ http://localhost:8082/stable-871f1d904834ee78db1c4585e2f14f65c119374a/static/out/vs/code/browser/workbench/workbench.js:413
[   61437ms] [WARNING] [JavaScript Warning: "Feature Policy: Skipping unsupported feature name “clipboard-read”." {file: "http://localhost:5173/node_modules/.vite/deps/lit-html-DcaC4oFn.js?v=dd2d6b95" line: 808}] @ http://localhost:5173/node_modules/.vite/deps/lit-html-DcaC4oFn.js?v=dd2d6b95:808
[   61437ms] [WARNING] [JavaScript Warning: "Feature Policy: Skipping unsupported feature name “clipboard-write”." {file: "http://localhost:5173/node_modules/.vite/deps/lit-html-DcaC4oFn.js?v=dd2d6b95" line: 808}] @ http://localhost:5173/node_modules/.vite/deps/lit-html-DcaC4oFn.js?v=dd2d6b95:808
[   61474ms] [WARNING] [JavaScript Warning: "‘src’ attribute of <script> element is empty." {file: "http://localhost:8082/?theme=dark&themeName=claw&embeddedBy=openclaw&folder=%2Fworkspaces%2Fopenclaw&payload=%5B%5B%22openFile%22%2C%22vscode-remote%3A%2F%2F.%2Fworkspaces%2Fopenclaw%2FAGENTS.md%22%5D%5D" line: 48}] @ http://localhost:8082/?theme=dark&themeName=claw&embeddedBy=openclaw&folder=%2Fworkspaces%2Fopenclaw&payload=%5B%5B%22openFile%22%2C%22vscode-remote%3A%2F%2F.%2Fworkspaces%2Fopenclaw%2FAGENTS.md%22%5D%5D:48
[   61863ms] [ERROR] [JavaScript Error: "Firefox can’t establish a connection to the server at ws://localhost:18789/." {file: "http://localhost:5173/src/ui/gateway.ts" line: 219}] @ http://localhost:5173/src/ui/gateway.ts:219
[   62512ms] [LOG]  INFO Resolving connection token (localhost:8082)... @ http://localhost:8082/stable-871f1d904834ee78db1c4585e2f14f65c119374a/static/out/vs/code/browser/workbench/workbench.js:413
[   62514ms] [LOG]  INFO Resolved connection token (localhost:8082) after 3 ms @ http://localhost:8082/stable-871f1d904834ee78db1c4585e2f14f65c119374a/static/out/vs/code/browser/workbench/workbench.js:413
[   62517ms] [LOG]  INFO Creating a socket (renderer-Management-b07deb24-1f70-4d66-8490-5662a3bf5dd0)... @ http://localhost:8082/stable-871f1d904834ee78db1c4585e2f14f65c119374a/static/out/vs/code/browser/workbench/workbench.js:413
[   62556ms] [LOG]  INFO Creating a socket (renderer-Management-b07deb24-1f70-4d66-8490-5662a3bf5dd0) was successful after 40 ms. @ http://localhost:8082/stable-871f1d904834ee78db1c4585e2f14f65c119374a/static/out/vs/code/browser/workbench/workbench.js:413
[   62567ms] [WARNING] [JavaScript Warning: "Loading failed for the <script> with source “http://localhost:8082/stable-871f1d904834ee78db1c4585e2f14f65c119374a/static/node_modules/vsda/rust/web/vsda.js”." {file: "http://localhost:8082/?theme=dark&themeName=claw&embeddedBy=openclaw&folder=%2Fworkspaces%2Fopenclaw&payload=%5B%5B%22openFile%22%2C%22vscode-remote%3A%2F%2F.%2Fworkspaces%2Fopenclaw%2FAGENTS.md%22%5D%5D" line: 1}] @ http://localhost:8082/?theme=dark&themeName=claw&embeddedBy=openclaw&folder=%2Fworkspaces%2Fopenclaw&payload=%5B%5B%22openFile%22%2C%22vscode-remote%3A%2F%2F.%2Fworkspaces%2Fopenclaw%2FAGENTS.md%22%5D%5D:1
[   66590ms] [LOG]  INFO [reconnection-grace-time] Client received grace time from server: 10800000ms (10800s) @ http://localhost:8082/stable-871f1d904834ee78db1c4585e2f14f65c119374a/static/out/vs/code/browser/workbench/workbench.js:413
[   69773ms] [WARNING] The web worker extension host is started in a same-origin iframe! @ http://localhost:8082/stable-871f1d904834ee78db1c4585e2f14f65c119374a/static/out/vs/code/browser/workbench/workbench.js:4908
[   69778ms] [LOG]  INFO Creating a socket (renderer-ExtensionHost-a7638f05-6ada-4052-9e9e-3a12ac364fa4)... @ http://localhost:8082/stable-871f1d904834ee78db1c4585e2f14f65c119374a/static/out/vs/code/browser/workbench/workbench.js:413
[   69779ms] [LOG]  INFO [Service Worker] registered @ http://localhost:8082/stable-871f1d904834ee78db1c4585e2f14f65c119374a/static/out/vs/code/browser/workbench/workbench.js:413
[   69780ms] [WARNING] [JavaScript Warning: "Feature Policy: Skipping unsupported feature name “usb”." {file: "http://localhost:8082/stable-871f1d904834ee78db1c4585e2f14f65c119374a/static/out/vs/code/browser/workbench/workbench.js" line: 4909}] @ http://localhost:8082/stable-871f1d904834ee78db1c4585e2f14f65c119374a/static/out/vs/code/browser/workbench/workbench.js:4909
[   69780ms] [WARNING] [JavaScript Warning: "Feature Policy: Skipping unsupported feature name “serial”." {file: "http://localhost:8082/stable-871f1d904834ee78db1c4585e2f14f65c119374a/static/out/vs/code/browser/workbench/workbench.js" line: 4909}] @ http://localhost:8082/stable-871f1d904834ee78db1c4585e2f14f65c119374a/static/out/vs/code/browser/workbench/workbench.js:4909
[   69780ms] [WARNING] [JavaScript Warning: "Feature Policy: Skipping unsupported feature name “hid”." {file: "http://localhost:8082/stable-871f1d904834ee78db1c4585e2f14f65c119374a/static/out/vs/code/browser/workbench/workbench.js" line: 4909}] @ http://localhost:8082/stable-871f1d904834ee78db1c4585e2f14f65c119374a/static/out/vs/code/browser/workbench/workbench.js:4909
[   69780ms] [WARNING] [JavaScript Warning: "Feature Policy: Skipping unsupported feature name “cross-origin-isolated”." {file: "http://localhost:8082/stable-871f1d904834ee78db1c4585e2f14f65c119374a/static/out/vs/code/browser/workbench/workbench.js" line: 4909}] @ http://localhost:8082/stable-871f1d904834ee78db1c4585e2f14f65c119374a/static/out/vs/code/browser/workbench/workbench.js:4909
[   69781ms] [WARNING] [JavaScript Warning: "Feature Policy: Skipping unsupported feature name “local-network-access”." {file: "http://localhost:8082/stable-871f1d904834ee78db1c4585e2f14f65c119374a/static/out/vs/code/browser/workbench/workbench.js" line: 4909}] @ http://localhost:8082/stable-871f1d904834ee78db1c4585e2f14f65c119374a/static/out/vs/code/browser/workbench/workbench.js:4909
[   69781ms] [WARNING] [JavaScript Warning: "Feature Policy: Skipping unsupported feature name “usb”." {file: "http://localhost:8082/stable-871f1d904834ee78db1c4585e2f14f65c119374a/static/out/vs/code/browser/workbench/workbench.js" line: 4909}] @ http://localhost:8082/stable-871f1d904834ee78db1c4585e2f14f65c119374a/static/out/vs/code/browser/workbench/workbench.js:4909
[   69781ms] [WARNING] [JavaScript Warning: "Feature Policy: Skipping unsupported feature name “serial”." {file: "http://localhost:8082/stable-871f1d904834ee78db1c4585e2f14f65c119374a/static/out/vs/code/browser/workbench/workbench.js" line: 4909}] @ http://localhost:8082/stable-871f1d904834ee78db1c4585e2f14f65c119374a/static/out/vs/code/browser/workbench/workbench.js:4909
[   69781ms] [WARNING] [JavaScript Warning: "Feature Policy: Skipping unsupported feature name “hid”." {file: "http://localhost:8082/stable-871f1d904834ee78db1c4585e2f14f65c119374a/static/out/vs/code/browser/workbench/workbench.js" line: 4909}] @ http://localhost:8082/stable-871f1d904834ee78db1c4585e2f14f65c119374a/static/out/vs/code/browser/workbench/workbench.js:4909
[   69781ms] [WARNING] [JavaScript Warning: "Feature Policy: Skipping unsupported feature name “cross-origin-isolated”." {file: "http://localhost:8082/stable-871f1d904834ee78db1c4585e2f14f65c119374a/static/out/vs/code/browser/workbench/workbench.js" line: 4909}] @ http://localhost:8082/stable-871f1d904834ee78db1c4585e2f14f65c119374a/static/out/vs/code/browser/workbench/workbench.js:4909
[   69781ms] [WARNING] [JavaScript Warning: "Feature Policy: Skipping unsupported feature name “local-network-access”." {file: "http://localhost:8082/stable-871f1d904834ee78db1c4585e2f14f65c119374a/static/out/vs/code/browser/workbench/workbench.js" line: 4909}] @ http://localhost:8082/stable-871f1d904834ee78db1c4585e2f14f65c119374a/static/out/vs/code/browser/workbench/workbench.js:4909
[   69781ms] [WARNING] [JavaScript Warning: "Feature Policy: Skipping unsupported feature name “usb”." {file: "http://localhost:8082/stable-871f1d904834ee78db1c4585e2f14f65c119374a/static/out/vs/code/browser/workbench/workbench.js" line: 4909}] @ http://localhost:8082/stable-871f1d904834ee78db1c4585e2f14f65c119374a/static/out/vs/code/browser/workbench/workbench.js:4909
[   69782ms] [WARNING] [JavaScript Warning: "Feature Policy: Skipping unsupported feature name “serial”." {file: "http://localhost:8082/stable-871f1d904834ee78db1c4585e2f14f65c119374a/static/out/vs/code/browser/workbench/workbench.js" line: 4909}] @ http://localhost:8082/stable-871f1d904834ee78db1c4585e2f14f65c119374a/static/out/vs/code/browser/workbench/workbench.js:4909
[   69782ms] [WARNING] [JavaScript Warning: "Feature Policy: Skipping unsupported feature name “hid”." {file: "http://localhost:8082/stable-871f1d904834ee78db1c4585e2f14f65c119374a/static/out/vs/code/browser/workbench/workbench.js" line: 4909}] @ http://localhost:8082/stable-871f1d904834ee78db1c4585e2f14f65c119374a/static/out/vs/code/browser/workbench/workbench.js:4909
[   69782ms] [WARNING] [JavaScript Warning: "Feature Policy: Skipping unsupported feature name “cross-origin-isolated”." {file: "http://localhost:8082/stable-871f1d904834ee78db1c4585e2f14f65c119374a/static/out/vs/code/browser/workbench/workbench.js" line: 4909}] @ http://localhost:8082/stable-871f1d904834ee78db1c4585e2f14f65c119374a/static/out/vs/code/browser/workbench/workbench.js:4909
[   69782ms] [WARNING] [JavaScript Warning: "Feature Policy: Skipping unsupported feature name “local-network-access”." {file: "http://localhost:8082/stable-871f1d904834ee78db1c4585e2f14f65c119374a/static/out/vs/code/browser/workbench/workbench.js" line: 4909}] @ http://localhost:8082/stable-871f1d904834ee78db1c4585e2f14f65c119374a/static/out/vs/code/browser/workbench/workbench.js:4909
[   69799ms] [WARNING] [JavaScript Warning: "The character encoding of a framed document was not declared. The document may appear different if viewed without the document framing it." {file: "http://localhost:8082/stable-871f1d904834ee78db1c4585e2f14f65c119374a/static/out/vs/workbench/services/extensions/worker/webWorkerExtensionHostIframe.html?&vscodeWebWorkerExtHostId=2d1aa1c4-6b85-4d11-a019-e3619614e20e" line: 0}] @ http://localhost:8082/stable-871f1d904834ee78db1c4585e2f14f65c119374a/static/out/vs/workbench/services/extensions/worker/webWorkerExtensionHostIframe.html?&vscodeWebWorkerExtHostId=2d1aa1c4-6b85-4d11-a019-e3619614e20e:0
[  102365ms] [LOG]  INFO [AccountPolicyGate] apply: state=inactive, reason=undefined, isRestricted=false @ http://localhost:8082/stable-871f1d904834ee78db1c4585e2f14f65c119374a/static/out/vs/code/browser/workbench/workbench.js:413
[  105382ms] [LOG]  INFO Updating additional builtin extensions cache @ http://localhost:8082/stable-871f1d904834ee78db1c4585e2f14f65c119374a/static/out/vs/code/browser/workbench/workbench.js:413
[  107417ms] [LOG]  INFO [AccountPolicyGate] apply: state=inactive, reason=undefined, isRestricted=false @ http://localhost:8082/stable-871f1d904834ee78db1c4585e2f14f65c119374a/static/out/vs/code/browser/workbench/workbench.js:413
[  122667ms] [ERROR] [JavaScript Error: "Firefox can’t establish a connection to the server at ws://localhost:18789/." {file: "http://localhost:5173/src/ui/gateway.ts" line: 219}] @ http://localhost:5173/src/ui/gateway.ts:219
[  122671ms] [LOG]  INFO Creating a socket (renderer-ExtensionHost-a7638f05-6ada-4052-9e9e-3a12ac364fa4) was successful after 52895 ms. @ http://localhost:8082/stable-871f1d904834ee78db1c4585e2f14f65c119374a/static/out/vs/code/browser/workbench/workbench.js:413
[  137284ms] [ERROR]   ERR [Extension Host] (node:327) [DEP0040] DeprecationWarning: The `punycode` module is deprecated. Please use a userland alternative instead.
(Use `node --trace-deprecation ...` to show where the warning was created) @ http://localhost:8082/stable-871f1d904834ee78db1c4585e2f14f65c119374a/static/out/vs/code/browser/workbench/workbench.js:413
[  137284ms] [ERROR] [Extension Host]  (node:327) [DEP0040] DeprecationWarning: The `punycode` module is deprecated. Please use a userland alternative instead.
(Use `node --trace-deprecation ...` to show where the warning was created) @ http://localhost:8082/stable-871f1d904834ee78db1c4585e2f14f65c119374a/static/out/vs/code/browser/workbench/workbench.js:999
[  140324ms] [LOG]  INFO Extension host (Remote) is unresponsive. @ http://localhost:8082/stable-871f1d904834ee78db1c4585e2f14f65c119374a/static/out/vs/code/browser/workbench/workbench.js:413
[  140392ms] [LOG]  INFO Extension host (Remote) is responsive. @ http://localhost:8082/stable-871f1d904834ee78db1c4585e2f14f65c119374a/static/out/vs/code/browser/workbench/workbench.js:413
[  151641ms] [LOG]  INFO Extension host (Remote) is unresponsive. @ http://localhost:8082/stable-871f1d904834ee78db1c4585e2f14f65c119374a/static/out/vs/code/browser/workbench/workbench.js:413
[  151651ms] [LOG]  INFO Extension host (Remote) is responsive. @ http://localhost:8082/stable-871f1d904834ee78db1c4585e2f14f65c119374a/static/out/vs/code/browser/workbench/workbench.js:413
[  183042ms] [ERROR] [JavaScript Error: "Firefox can’t establish a connection to the server at ws://localhost:18789/." {file: "http://localhost:5173/src/ui/gateway.ts" line: 219}] @ http://localhost:5173/src/ui/gateway.ts:219
[  244122ms] [ERROR] [JavaScript Error: "Firefox can’t establish a connection to the server at ws://localhost:18789/." {file: "http://localhost:5173/src/ui/gateway.ts" line: 219}] @ http://localhost:5173/src/ui/gateway.ts:219
[  266110ms] [WARNING]  WARN Remote network connection appears to have high latency (501.50ms last, 253.00ms average) @ http://localhost:8082/stable-871f1d904834ee78db1c4585e2f14f65c119374a/static/out/vs/code/browser/workbench/workbench.js:413
[  304834ms] [ERROR] [JavaScript Error: "Firefox can’t establish a connection to the server at ws://localhost:18789/." {file: "http://localhost:5173/src/ui/gateway.ts" line: 219}] @ http://localhost:5173/src/ui/gateway.ts:219
[  337090ms] [ERROR]   ERR [lifecycle] Long running operations during shutdown are unsupported in the web (id: join.disconnectRemote) @ http://localhost:8082/stable-871f1d904834ee78db1c4585e2f14f65c119374a/static/out/vs/code/browser/workbench/workbench.js:413
[  337459ms] [WARNING] Lit is in dev mode. Not recommended for production! See https://lit.dev/msg/dev-mode for more information. @ http://localhost:5173/@vite/client:509
[  365170ms] [ERROR] [JavaScript Error: "Firefox can’t establish a connection to the server at ws://localhost:18789/." {file: "http://localhost:5173/src/ui/gateway.ts" line: 219}] @ http://localhost:5173/src/ui/gateway.ts:219
